<?xml version="1.0" encoding="UTF-8"?>
<testng-results ignored="0" total="1" passed="1" failed="0" skipped="0">
  <reporter-output>
  </reporter-output>
  <suite started-at="2020-04-07T06:35:08Z" name="Default suite" finished-at="2020-04-07T06:36:36Z" duration-ms="88390">
    <groups>
    </groups>
    <test started-at="2020-04-07T06:35:08Z" name="Default test" finished-at="2020-04-07T06:36:36Z" duration-ms="88390">
      <class name="com.cts.test.PhpTest">
        <test-method is-config="true" signature="SetUp(java.lang.String)[pri:0, instance:com.cts.test.PhpTest@4803b726]" started-at="2020-04-07T06:35:08Z" name="SetUp" finished-at="2020-04-07T06:36:00Z" duration-ms="52044" status="PASS">
          <params>
            <param index="0">
              <value>
                <![CDATA[ch]]>
              </value>
            </param>
          </params>
          <reporter-output>
          </reporter-output>
        </test-method> <!-- SetUp -->
        <test-method signature="phptravelTest()[pri:0, instance:com.cts.test.PhpTest@4803b726]" started-at="2020-04-07T06:36:00Z" name="phptravelTest" finished-at="2020-04-07T06:36:25Z" duration-ms="25596" status="PASS">
          <reporter-output>
          </reporter-output>
        </test-method> <!-- phptravelTest -->
        <test-method is-config="true" signature="tearDown()[pri:0, instance:com.cts.test.PhpTest@4803b726]" started-at="2020-04-07T06:36:25Z" name="tearDown" finished-at="2020-04-07T06:36:36Z" duration-ms="10728" status="PASS">
          <reporter-output>
          </reporter-output>
        </test-method> <!-- tearDown -->
      </class> <!-- com.cts.test.PhpTest -->
    </test> <!-- Default test -->
  </suite> <!-- Default suite -->
</testng-results>
